2025-01-16 13:11:10.465 [info] [main] Log level: Info
2025-01-16 13:11:10.466 [info] [main] Validating found git in: "git"
2025-01-16 13:11:10.466 [info] [main] Using git "2.43.0" from "git"
2025-01-16 13:11:10.466 [info] [Model][doInitialScan] Initial repository scan started
2025-01-16 13:11:10.466 [info] > git rev-parse --show-toplevel [58ms]
2025-01-16 13:11:10.466 [info] fatal: not a git repository (or any parent up to mount point /)
Stopping at filesystem boundary (GIT_DISCOVERY_ACROSS_FILESYSTEM not set).
2025-01-16 13:11:10.491 [info] > git rev-parse --show-toplevel [12ms]
2025-01-16 13:11:10.491 [info] fatal: not a git repository (or any parent up to mount point /)
Stopping at filesystem boundary (GIT_DISCOVERY_ACROSS_FILESYSTEM not set).
2025-01-16 13:11:10.502 [info] > git rev-parse --show-toplevel [6ms]
2025-01-16 13:11:10.502 [info] fatal: not a git repository (or any parent up to mount point /)
Stopping at filesystem boundary (GIT_DISCOVERY_ACROSS_FILESYSTEM not set).
2025-01-16 13:11:10.521 [info] > git rev-parse --show-toplevel [13ms]
2025-01-16 13:11:10.521 [info] fatal: not a git repository (or any parent up to mount point /)
Stopping at filesystem boundary (GIT_DISCOVERY_ACROSS_FILESYSTEM not set).
2025-01-16 13:11:10.534 [info] > git rev-parse --show-toplevel [5ms]
2025-01-16 13:11:10.534 [info] fatal: not a git repository (or any parent up to mount point /)
Stopping at filesystem boundary (GIT_DISCOVERY_ACROSS_FILESYSTEM not set).
2025-01-16 13:11:10.555 [info] > git rev-parse --show-toplevel [17ms]
2025-01-16 13:11:10.555 [info] fatal: not a git repository (or any parent up to mount point /)
Stopping at filesystem boundary (GIT_DISCOVERY_ACROSS_FILESYSTEM not set).
2025-01-16 13:11:10.562 [info] > git rev-parse --show-toplevel [2ms]
2025-01-16 13:11:10.562 [info] fatal: not a git repository (or any parent up to mount point /)
Stopping at filesystem boundary (GIT_DISCOVERY_ACROSS_FILESYSTEM not set).
2025-01-16 13:11:10.577 [info] > git rev-parse --show-toplevel [10ms]
2025-01-16 13:11:10.578 [info] fatal: not a git repository (or any parent up to mount point /)
Stopping at filesystem boundary (GIT_DISCOVERY_ACROSS_FILESYSTEM not set).
2025-01-16 13:11:10.585 [info] > git rev-parse --show-toplevel [2ms]
2025-01-16 13:11:10.585 [info] fatal: not a git repository (or any parent up to mount point /)
Stopping at filesystem boundary (GIT_DISCOVERY_ACROSS_FILESYSTEM not set).
2025-01-16 13:11:10.586 [info] [Model][doInitialScan] Initial repository scan completed - repositories (0), closed repositories (0), parent repositories (0), unsafe repositories (0)
