2025-01-16 13:11:10.399 [warning] Dir "/home/thomchoice/.pixi/envs" is not watchable (directory does not exist)
2025-01-16 13:11:10.404 [info] Starting Environment refresh
2025-01-16 13:11:10.404 [info] Searching for interpreters in posix paths locator
2025-01-16 13:11:10.404 [info] Searching for pyenv environments
2025-01-16 13:11:10.404 [info] Searching for conda environments
2025-01-16 13:11:10.404 [info] Searching for global virtual environments
2025-01-16 13:11:10.404 [info] Searching for custom virtual environments
2025-01-16 13:11:10.405 [info] pyenv is not installed
2025-01-16 13:11:10.405 [info] Finished searching for pyenv environments: 17 milliseconds
2025-01-16 13:11:10.405 [info] Finished searching for custom virtual envs: 16 milliseconds
2025-01-16 13:11:10.405 [info] > conda info --json
2025-01-16 13:11:10.405 [info] > hatch env show --json
2025-01-16 13:11:10.405 [info] cwd: .
2025-01-16 13:11:10.406 [info] Finished searching for global virtual envs: 34 milliseconds
2025-01-16 13:11:10.432 [info] > pyenv which python
2025-01-16 13:11:10.432 [info] cwd: .
2025-01-16 13:11:10.442 [info] Found: /bin/python --> /bin/python3.12
2025-01-16 13:11:10.464 [info] Found: /bin/python3 --> /bin/python3.12
2025-01-16 13:11:10.468 [info] Found: /bin/python3.12 --> /bin/python3.12
2025-01-16 13:11:10.517 [info] > /bin/python -I /google/devshell/editor/code-oss-for-cloud-shell/extensions/ms-python.python/python_files/get_output_via_markers.py /google/devshell/editor/code-oss-for-cloud-shell/extensions/ms-python.python/python_files/interpreterInfo.py
2025-01-16 13:11:10.522 [info] Found: /usr/bin/python --> /usr/bin/python3.12
2025-01-16 13:11:10.529 [info] Found: /usr/bin/python3 --> /usr/bin/python3.12
2025-01-16 13:11:10.530 [info] Found: /usr/bin/python3.12 --> /usr/bin/python3.12
2025-01-16 13:11:10.572 [info] Finished searching for interpreters in posix paths locator: 1604 milliseconds
2025-01-16 13:11:10.595 [info] > /usr/bin/python -I /google/devshell/editor/code-oss-for-cloud-shell/extensions/ms-python.python/python_files/get_output_via_markers.py /google/devshell/editor/code-oss-for-cloud-shell/extensions/ms-python.python/python_files/interpreterInfo.py
2025-01-16 13:11:10.595 [info] Environments refresh paths discovered (event): 1628 milliseconds
2025-01-16 13:11:10.595 [info] Environments refresh paths discovered: 1628 milliseconds
2025-01-16 13:11:10.610 [info] Python interpreter path: /bin/python
2025-01-16 13:11:10.654 [info] Environments refresh finished (event): 1687 milliseconds
2025-01-16 13:11:10.665 [info] Environment refresh took 1697 milliseconds
2025-01-16 13:11:18.406 [info] Starting Jedi language server for thomchoice.
