2025-01-16 13:11:06.273 [info] Extension host with pid 1215 started
2025-01-16 13:11:06.273 [error] Error: EEXIST: file already exists, open '/home/thomchoice/.codeoss/data/User/workspaceStorage/-330aad76/vscode.lock'
2025-01-16 13:11:06.283 [info] Lock '/home/thomchoice/.codeoss/data/User/workspaceStorage/-330aad76/vscode.lock': Could not acquire lock, checking if the file is stale.
2025-01-16 13:11:06.291 [info] Lock '/home/thomchoice/.codeoss/data/User/workspaceStorage/-330aad76/vscode.lock': The lock looks stale, waiting for 2s.
2025-01-16 13:11:06.544 [info] ExtensionService#_doActivateExtension vscode.emmet, startup: false, activationEvent: 'onLanguage'
2025-01-16 13:11:06.546 [info] ExtensionService#_doActivateExtension ms-python.python, startup: false, activationEvent: 'onLanguage:python'
2025-01-16 13:11:07.547 [info] ExtensionService#_doActivateExtension vscode.git-base, startup: true, activationEvent: '*', root cause: vscode.git
2025-01-16 13:11:08.292 [info] Lock '/home/thomchoice/.codeoss/data/User/workspaceStorage/-330aad76/vscode.lock': The lock looks stale even after waiting for 2s.
2025-01-16 13:11:08.292 [info] Lock '/home/thomchoice/.codeoss/data/User/workspaceStorage/-330aad76/vscode.lock': Deleting a stale lock.
2025-01-16 13:11:08.298 [info] Lock '/home/thomchoice/.codeoss/data/User/workspaceStorage/-330aad76/vscode.lock': Lock acquired.
2025-01-16 13:11:08.549 [info] ExtensionService#_doActivateExtension vscode.git, startup: true, activationEvent: '*'
2025-01-16 13:11:08.550 [info] ExtensionService#_doActivateExtension vscode.github, startup: true, activationEvent: '*'
2025-01-16 13:11:08.688 [error] Error: spawn /google/devshell/editor/code-oss-for-cloud-shell/extensions/ms-python.python/python-env-tools/bin/pet ENOENT
	at ChildProcess._handle.onexit (node:internal/child_process:286:19)
	at onErrorNT (node:internal/child_process:484:16)
	at process.processTicksAndRejections (node:internal/process/task_queues:82:21)
2025-01-16 13:11:09.032 [info] Eager extensions activated
2025-01-16 13:11:09.032 [info] ExtensionService#_doActivateExtension EditorConfig.EditorConfig, startup: false, activationEvent: 'onStartupFinished'
2025-01-16 13:11:09.033 [info] ExtensionService#_doActivateExtension google.cloud-shell, startup: false, activationEvent: 'onStartupFinished'
2025-01-16 13:11:09.033 [info] ExtensionService#_doActivateExtension google.geminicodeassist, startup: false, activationEvent: 'onStartupFinished', root cause: googlecloudtools.cloudcode
2025-01-16 13:11:09.033 [info] ExtensionService#_doActivateExtension vscode.debug-auto-launch, startup: false, activationEvent: 'onStartupFinished'
2025-01-16 13:11:09.034 [info] ExtensionService#_doActivateExtension vscode.merge-conflict, startup: false, activationEvent: 'onStartupFinished'
2025-01-16 13:11:10.919 [info] ExtensionService#_doActivateExtension googlecloudtools.cloudcode, startup: false, activationEvent: 'onStartupFinished'
2025-01-16 13:11:15.056 [info] ExtensionService#_doActivateExtension vscode.configuration-editing, startup: false, activationEvent: 'onLanguage:jsonc'
2025-01-16 13:11:15.057 [info] ExtensionService#_doActivateExtension vscode.json-language-features, startup: false, activationEvent: 'onLanguage:jsonc'
2025-01-16 13:11:15.057 [info] ExtensionService#_doActivateExtension vscode.typescript-language-features, startup: false, activationEvent: 'onLanguage:jsonc'
